import { createEvent as __stencil_createEvent } from "@stencil/core";
import { getConnect as __stencil_getConnect } from "@stencil/core";
import { getContext as __stencil_getContext } from "@stencil/core";
import { getElement as __stencil_getElement } from "@stencil/core";
import { Host as __stencil_Host } from "@stencil/core";
import { h as __stencil_h } from "@stencil/core";
import { registerInstance as __stencil_registerInstance } from "@stencil/core";
import { h } from '@stencil/core';
export class cwAnteprima {
    constructor(hostRef) {
        __stencil_registerInstance(this, hostRef);
        this.Component_Height = "100px"; //altezza della componente
        this.Component_Border = "black";
        this.Titolo_Visibility = "collapse"; //visualizzazione estesa
        this.Titolo_Colore = "white"; //delay utile a non far scomparire gli elementi prima della chiusura della finestra
        this.Titolo_Size = "0px"; //visualizzazione estesa
        this.Img_Position = "absolute";
        this.Img_Larghezza = "95px";
        this.Img_Altezza = "95px";
        this.Img_MarginLeft = "5px";
        this.Descrizione_Color = "black";
        this.Mappa_Display = "none";
        this.Display = "none";
        this.DisplayReverse = "block";
        this.Opacity = "0";
        this.OpacityReverse = "0";
        this.aperto = false;
        this.AddDurata = 1;
        this.chiudiAnteprima = true;
        this.eventMappa = __stencil_createEvent(this, "eventMappa", 7);
        this.eventShare = __stencil_createEvent(this, "eventShare", 7);
    }
    //passa a visualizzazione compatta
    close() {
        this.Component_Height = "100px";
        this.Component_Border = "black";
        this.Titolo_Visibility = "none";
        this.Titolo_Colore = "white";
        this.Titolo_Size = "0px";
        this.Img_Position = "absolute";
        this.Img_Larghezza = "95px";
        this.Img_Altezza = "95px";
        this.Img_MarginLeft = "5px";
        this.Descrizione_Color = "black";
        this.Mappa_Display = "none";
        this.Display = "none";
        this.DisplayReverse = "block";
        this.Opacity = "0";
        this.OpacityReverse = "0";
    }
    //passa a visualizzazione estesa
    open() {
        this.Component_Height = "auto";
        this.Component_Border = "white";
        this.Titolo_Visibility = "block";
        this.Titolo_Colore = "black";
        this.Titolo_Size = "25px";
        this.Img_Position = "relative";
        this.Img_Larghezza = "96%";
        this.Img_Altezza = "auto";
        this.Img_MarginLeft = "0px";
        this.Descrizione_Color = "white";
        this.Mappa_Display = "block";
        setTimeout(() => { this.Display = "block"; }, 100);
        this.DisplayReverse = "none";
        this.Opacity = "1";
        setTimeout(() => { this.OpacityReverse = "1"; }, 100);
    }
    DataEvento() {
        if (this.dataevento != "") {
            this.AddDurata++;
            return [
                h("p", null, h("span", null, "data evento: "), this.dataevento)
            ];
        }
        return;
    }
    Orario() {
        if (this.orario != "") {
            this.AddDurata++;
            return [
                h("p", null, h("span", null, "orario: "), this.orario)
            ];
        }
        return;
    }
    Durata() {
        if (this.durata != "" && this.AddDurata < 3) {
            return [
                h("p", null, h("span", null, "durata: "), this.durata)
            ];
        }
        return;
    }
    // CalcolaSizeH1() {
    //   let titolo = "";
    //   /*if (this.titolo.length > 35) { 
    //     for (let i = 0; i < 35; i++) {
    //       titolo += this.titolo[i];
    //     }
    //     titolo += "...";
    //   }
    //   else*/
    //   titolo = this.titolo;
    //   console.log(titolo);
    //   return titolo;
    // }
    VisualizzaDettaglio() {
        if (this.chiudiAnteprima) {
            if (!this.aperto)
                this.open();
            else
                this.close();
            this.aperto = !this.aperto;
        }
        else
            this.chiudiAnteprima = true;
    }
    VisualizzaMappa(todo) {
        this.chiudiAnteprima = false;
        this.eventMappa.emit(todo);
    }
    VisualizzaShare(todo) {
        this.chiudiAnteprima = false;
        this.eventShare.emit(todo);
    }
    render() {
        var styles = {
            '--Component_height': this.Component_Height,
            '--Component_Border': this.Component_Border,
            '--Titolo_Visibility': this.Titolo_Visibility,
            '--Titolo_Colore': this.Titolo_Colore,
            '--Titolo_Size': this.Titolo_Size,
            '--Img_Position': this.Img_Position,
            '--Img_Larghezza': this.Img_Larghezza,
            '--Img_Altezza': this.Img_Altezza,
            '--Img_MarginLeft': this.Img_MarginLeft,
            '--Descrizione_Color': this.Descrizione_Color,
            '--Mappa_Display': this.Mappa_Display,
            '--Display': this.Display,
            '--DisplayReverse': this.DisplayReverse,
            '--Opacity': this.Opacity,
            '--OpacityReverse': this.OpacityReverse
        };
        return [
            h("div", { class: "component", onClick: () => this.VisualizzaDettaglio(), style: styles }, h("h1", { id: "titolo" }, this.titolo), h("div", { class: "detail-bar" }), h("img", { src: this.img }), h("div", { innerHTML: this.descrizione }), h("div", { class: "descrizione" }, h("div", { id: "centra" })), h("div", { id: "Informazioni" }, h("div", { class: "testo" }, h("div", { innerHTML: this.descrizione })), h("div", { class: "margine" })))
        ];
    }
    get element() { return __stencil_getElement(this); }
    static get style() { return "STYLE_TEXT_PLACEHOLDER:wc-anteprima"; }
}
