import { createEvent as __stencil_createEvent } from "@stencil/core";
import { getConnect as __stencil_getConnect } from "@stencil/core";
import { getContext as __stencil_getContext } from "@stencil/core";
import { getElement as __stencil_getElement } from "@stencil/core";
import { Host as __stencil_Host } from "@stencil/core";
import { h as __stencil_h } from "@stencil/core";
import { registerInstance as __stencil_registerInstance } from "@stencil/core";
import { h } from '@stencil/core';
export class wcVideo {
    constructor(hostRef) {
        __stencil_registerInstance(this, hostRef);
        this.Component_Height = "100px"; //altezza della componente
        this.Component_Border = "black";
        this.Titolo_Visibility = "collapse"; //visualizzazione estesa
        this.Titolo_Colore = "white"; //delay utile a non far scomparire gli elementi prima della chiusura della finestra
        this.Titolo_Size = "0px"; //visualizzazione estesa
        this.Img_Position = "absolute";
        this.Img_Larghezza = "95px";
        this.Img_Altezza = "95px";
        this.Img_MarginLeft = "5px";
        this.Descrizione_Color = "black";
        this.Mappa_Display = "none";
        this.Display = "none";
        this.DisplayReverse = "block";
        this.Opacity = "0";
        this.OpacityReverse = "1";
        this.ImgTop = "auto";
        this.MousePointer = "default";
        this.MarginTitolo = "0px";
        this.aperto = false;
        this.AddDurata = 1;
        this.openHeight = "auto"; //altezza da esteso
        this.urlMappa = "https://www.google.com/maps/search/?api=1&query=";
        this.chiudiAnteprima = true;
        this.eventMappa = __stencil_createEvent(this, "eventMappa", 7);
        this.eventShare = __stencil_createEvent(this, "eventShare", 7);
        this.eventVideo = __stencil_createEvent(this, "eventVideo", 7);
    }
    //passa a visualizzazione compatta
    close() {
        this.Component_Height = "100px";
        this.Component_Border = "black";
        this.Titolo_Visibility = "none";
        this.Titolo_Colore = "white";
        this.Titolo_Size = "0px";
        this.Img_Position = "absolute";
        this.Img_Larghezza = "95px";
        this.Img_Altezza = "95px";
        this.Img_MarginLeft = "5px";
        this.Descrizione_Color = "black";
        this.Mappa_Display = "none";
        this.Display = "none";
        this.DisplayReverse = "block";
        this.Opacity = "0";
        this.OpacityReverse = "1";
        this.DisplayReverse = "block";
        this.ImgTop = "auto";
        this.MousePointer = "default";
        this.MarginTitolo = "0px";
    }
    //passa a visualizzazione estesa
    open() {
        this.Component_Height = "auto";
        this.Component_Border = "white";
        this.Titolo_Visibility = "block";
        this.Titolo_Colore = "black";
        this.Titolo_Size = "25px";
        this.Img_Position = "relative";
        this.Img_Larghezza = "96%";
        this.Img_Altezza = "auto";
        this.Img_MarginLeft = "0px";
        this.Descrizione_Color = "white";
        this.Mappa_Display = "block";
        setTimeout(() => { this.Display = "block"; }, 100);
        this.DisplayReverse = "none";
        this.Opacity = "1";
        setTimeout(() => { this.OpacityReverse = "0"; }, 100);
        this.ImgTop = "-80px";
        this.MousePointer = "pointer";
        this.MarginTitolo = "40px";
    }
    DataEvento() {
        if (this.dataevento != "") {
            this.AddDurata++;
            return [
                h("p", null, h("span", null, "data evento: "), this.dataevento)
            ];
        }
        return;
    }
    Orario() {
        if (this.orario != "") {
            this.AddDurata++;
            return [
                h("p", null, h("span", null, "orario: "), this.orario)
            ];
        }
        return;
    }
    Durata() {
        if (this.durata != "" && this.AddDurata < 3) {
            return [
                h("p", null, h("span", null, "durata: "), this.durata)
            ];
        }
        return;
    }
    CalcolaSizeH1() {
        let titolo = "";
        /*if (this.titolo.length > 35) {
          for (let i = 0; i < 35; i++) {
            titolo += this.titolo[i];
          }
          titolo += "...";
        }
        else*/
        titolo = this.titolo;
        console.log(titolo);
        return titolo;
    }
    VisualizzaDettaglio() {
        if (this.chiudiAnteprima) {
            if (!this.aperto)
                this.open();
            else
                this.close();
            this.aperto = !this.aperto;
        }
        else
            this.chiudiAnteprima = true;
    }
    VisualizzaMappa(event) {
        this.chiudiAnteprima = false;
        this.eventMappa.emit(event);
    }
    VisualizzaShare(event) {
        this.chiudiAnteprima = false;
        this.eventShare.emit(event);
    }
    VisualizzaVideo(event) {
        if (this.aperto) {
            this.chiudiAnteprima = false;
            this.eventVideo.emit(event);
        }
    }
    render() {
        var styles = {
            '--displayReverse': this.DisplayReverse,
            '--imgTop': this.ImgTop,
            '--mousePointer': this.MousePointer,
            '--marginTitolo': this.MarginTitolo,
            '--Component_height': this.Component_Height,
            '--Component_Border': this.Component_Border,
            '--Titolo_Visibility': this.Titolo_Visibility,
            '--Titolo_Colore': this.Titolo_Colore,
            '--Titolo_Size': this.Titolo_Size,
            '--Img_Position': this.Img_Position,
            '--Img_Larghezza': this.Img_Larghezza,
            '--Img_Altezza': this.Img_Altezza,
            '--Img_MarginLeft': this.Img_MarginLeft,
            '--Descrizione_Color': this.Descrizione_Color,
            '--Mappa_Display': this.Mappa_Display,
            '--Display': this.Display,
            '--DisplayReverse': this.DisplayReverse,
            '--Opacity': this.Opacity,
            '--OpacityReverse': this.OpacityReverse
        };
        return [
            h("div", { class: "component", onClick: () => this.VisualizzaDettaglio(), style: styles }, h("h1", { id: "TitoloEspanso" }, this.titolo, "Titolo"), h("svg", { class: "pointer", onClick: (e) => this.VisualizzaVideo(e), id: "play", xmlns: 'http://www.w3.org/2000/svg', width: '24', height: '24', viewBox: '0 0 24 24' }, h("path", { fill: 'none', d: 'M0 0h24v24H0V0z' }), h("path", { d: 'M12 2C6.48 2 2 6.48 2 12s4.48 10 10 10 10-4.48 10-10S17.52 2 12 2zm0 18c-4.41 0-8-3.59-8-8s3.59-8 8-8 8 3.59 8 8-3.59 8-8 8zm-2-3.5l6-4.5-6-4.5z' })), h("img", { src: this.img }), h("div", { class: "descrizione" }, h("div", { id: "centra" }, h("h1", { id: "titolo" }, this.CalcolaSizeH1(), "Titolo"))), h("div", { id: "Informazioni" }, h("div", { class: "testo" }, h("p", { id: "descrizione" }, this.descrizione))))
        ];
    }
    get element() { return __stencil_getElement(this); }
    static get style() { return "STYLE_TEXT_PLACEHOLDER:wc-video"; }
}
