System.register(['./p-e790e3c6.system.js'], function (exports, module) {
    'use strict';
    var registerInstance, createEvent, h, getElement;
    return {
        setters: [function (module) {
                registerInstance = module.d;
                createEvent = module.e;
                h = module.f;
                getElement = module.g;
            }],
        execute: function () {
            var cwAnteprima = /** @class */ (function () {
                function cwAnteprima(hostRef) {
                    registerInstance(this, hostRef);
                    this.showimage = true;
                    this.Component_Height = "100px"; //altezza della componente
                    this.Component_Border = "black";
                    this.Titolo_Visibility = "collapse"; //visualizzazione estesa
                    this.Titolo_Colore = "white"; //delay utile a non far scomparire gli elementi prima della chiusura della finestra
                    this.Titolo_Size = "0px"; //visualizzazione estesa
                    this.Img_Position = "absolute";
                    this.Img_Larghezza = "95px";
                    this.Img_Altezza = "95px";
                    this.Img_MarginLeft = "5px";
                    this.Descrizione_Color = "black";
                    this.Mappa_Display = "none";
                    this.Display = "none";
                    this.DisplayReverse = "block";
                    this.Opacity = "0";
                    this.OpacityReverse = "0";
                    this.aperto = false;
                    this.AddDurata = 1;
                    this.chiudiAnteprima = true;
                    this.eventMappa = createEvent(this, "eventMappa", 7);
                    this.eventShare = createEvent(this, "eventShare", 7);
                }
                //passa a visualizzazione compatta
                cwAnteprima.prototype.close = function () {
                    this.Component_Height = "100px";
                    this.Component_Border = "black";
                    this.Titolo_Visibility = "none";
                    this.Titolo_Colore = "white";
                    this.Titolo_Size = "0px";
                    this.Img_Position = "absolute";
                    this.Img_Larghezza = "95px";
                    this.Img_Altezza = "95px";
                    this.Img_MarginLeft = "5px";
                    this.Descrizione_Color = "black";
                    this.Mappa_Display = "none";
                    this.Display = "none";
                    this.DisplayReverse = "block";
                    this.Opacity = "0";
                    this.OpacityReverse = "0";
                };
                //passa a visualizzazione estesa
                cwAnteprima.prototype.open = function () {
                    var _this = this;
                    this.Component_Height = "auto";
                    this.Component_Border = "white";
                    this.Titolo_Visibility = "block";
                    this.Titolo_Colore = "black";
                    this.Titolo_Size = "25px";
                    this.Img_Position = "relative";
                    this.Img_Larghezza = "96%";
                    this.Img_Altezza = "auto";
                    this.Img_MarginLeft = "0px";
                    this.Descrizione_Color = "white";
                    this.Mappa_Display = "block";
                    setTimeout(function () { _this.Display = "block"; }, 100);
                    this.DisplayReverse = "none";
                    this.Opacity = "1";
                    setTimeout(function () { _this.OpacityReverse = "1"; }, 100);
                };
                cwAnteprima.prototype.DataEvento = function () {
                    if (this.dataevento != "") {
                        this.AddDurata++;
                        return [
                            h("p", null, h("span", null, "data evento: "), this.dataevento)
                        ];
                    }
                    return;
                };
                cwAnteprima.prototype.componentDidLoad = function () {
                    var links = this.element.shadowRoot.querySelector('.external-link');
                    [].forEach.call(links, function (link) {
                        link.addEventListener("mousedown", function (event) {
                            console.log("href clicked, lets try to stop event propagation");
                            event.stopPropagation();
                            event.preventDefault();
                            return false;
                        });
                    });
                };
                cwAnteprima.prototype.Orario = function () {
                    if (this.orario != "") {
                        this.AddDurata++;
                        return [
                            h("p", null, h("span", null, "orario: "), this.orario)
                        ];
                    }
                    return;
                };
                cwAnteprima.prototype.Durata = function () {
                    if (this.durata != "" && this.AddDurata < 3) {
                        return [
                            h("p", null, h("span", null, "durata: "), this.durata)
                        ];
                    }
                    return;
                };
                cwAnteprima.prototype.VisualizzaDettaglio = function () {
                    if (this.chiudiAnteprima) {
                        if (!this.aperto)
                            this.open();
                        else
                            this.close();
                        this.aperto = !this.aperto;
                    }
                    else
                        this.chiudiAnteprima = true;
                };
                cwAnteprima.prototype.VisualizzaMappa = function (todo) {
                    this.chiudiAnteprima = false;
                    this.eventMappa.emit(todo);
                };
                cwAnteprima.prototype.VisualizzaShare = function (todo) {
                    this.chiudiAnteprima = false;
                    this.eventShare.emit(todo);
                };
                cwAnteprima.prototype.render = function () {
                    var _this = this;
                    var styles = {
                        '--Component_height': this.Component_Height,
                        '--Component_Border': this.Component_Border,
                        '--Titolo_Visibility': this.Titolo_Visibility,
                        '--Titolo_Colore': this.Titolo_Colore,
                        '--Titolo_Size': this.Titolo_Size,
                        '--Img_Position': this.Img_Position,
                        '--Img_Larghezza': this.Img_Larghezza,
                        '--Img_Altezza': this.Img_Altezza,
                        '--Img_MarginLeft': this.Img_MarginLeft,
                        '--Descrizione_Color': this.Descrizione_Color,
                        '--Mappa_Display': this.Mappa_Display,
                        '--Display': this.Display,
                        '--DisplayReverse': this.DisplayReverse,
                        '--Opacity': this.Opacity,
                        '--OpacityReverse': this.OpacityReverse
                    };
                    return [
                        h("div", { class: "component", onClick: function () { return _this.VisualizzaDettaglio(); }, style: styles }, h("h1", { id: "titolo" }, this.titolo), h("div", { class: "detail-bar" }), this.showimage
                            ? h("img", { src: this.img })
                            : "", h("div", { id: "Informazioni" }, h("div", { class: "margine" }), h("div", { class: "contacts" }, this.link && this.link != ""
                            ? h("div", { class: "external-container" }, h("div", { class: "contact-container", onClick: function () { return _this.openLink(_this.link); } }, h("div", { class: "icon icon-contact" }, h("svg", { xmlns: "http://www.w3.org/2000/svg", viewBox: "0 0 512 512" }, h("path", { d: "M416 199.5h-91.4V64H187.4v135.5H96l160 158.1 160-158.1zM96 402.8V448h320v-45.2H96z", fill: "#11b3ef" })))))
                            : "", this.web && this.link != ""
                            ? h("div", { class: "external-container" }, h("div", { class: "contact-container", onClick: function () { return _this.openLink(_this.web); } }, h("div", { class: "icon icon-contact" }, h("svg", { xmlns: "http://www.w3.org/2000/svg", viewBox: "0 0 512 512" }, h("path", { d: "M74.6 256c0-38.3 31.1-69.4 69.4-69.4h88V144h-88c-61.8 0-112 50.2-112 112s50.2 112 112 112h88v-42.6h-88c-38.3 0-69.4-31.1-69.4-69.4zm85.4 22h192v-44H160v44zm208-134h-88v42.6h88c38.3 0 69.4 31.1 69.4 69.4s-31.1 69.4-69.4 69.4h-88V368h88c61.8 0 112-50.2 112-112s-50.2-112-112-112z", fill: "#11b3ef" }))), "  "))
                            : ""), h("div", { id: "data", innerHTML: this.datapubblicazione }), h("div", { id: "abstract", innerHTML: this.abstract }), h("div", { class: "testo" }, h("p", { id: "descrizione", innerHTML: this.descrizione }))))
                    ];
                };
                cwAnteprima.prototype.openLink = function (web) {
                    window.open(web, '_blank');
                };
                cwAnteprima.prototype.getLink = function (webInner) {
                    return "<a href='" + webInner + "' class='external-link'></a>";
                };
                Object.defineProperty(cwAnteprima.prototype, "element", {
                    get: function () { return getElement(this); },
                    enumerable: true,
                    configurable: true
                });
                Object.defineProperty(cwAnteprima, "style", {
                    get: function () { return "STYLE_TEXT_PLACEHOLDER:wc-anteprima"; },
                    enumerable: true,
                    configurable: true
                });
                return cwAnteprima;
            }());
            exports('wc_anteprima', cwAnteprima);
            var wcVideo = /** @class */ (function () {
                function wcVideo(hostRef) {
                    registerInstance(this, hostRef);
                    this.Component_Height = "100px"; //altezza della componente
                    this.Component_Border = "black";
                    this.Titolo_Visibility = "collapse"; //visualizzazione estesa
                    this.Titolo_Colore = "white"; //delay utile a non far scomparire gli elementi prima della chiusura della finestra
                    this.Titolo_Size = "0px"; //visualizzazione estesa
                    this.Img_Position = "absolute";
                    this.Img_Larghezza = "95px";
                    this.Img_Altezza = "95px";
                    this.Img_MarginLeft = "5px";
                    this.Descrizione_Color = "black";
                    this.Mappa_Display = "none";
                    this.Display = "none";
                    this.DisplayReverse = "block";
                    this.Opacity = "0";
                    this.OpacityReverse = "1";
                    this.ImgTop = "auto";
                    this.MousePointer = "default";
                    this.MarginTitolo = "0px";
                    this.aperto = false;
                    this.AddDurata = 1;
                    this.openHeight = "auto"; //altezza da esteso
                    this.urlMappa = "https://www.google.com/maps/search/?api=1&query=";
                    this.chiudiAnteprima = true;
                    this.eventMappa = createEvent(this, "eventMappa", 7);
                    this.eventShare = createEvent(this, "eventShare", 7);
                    this.eventVideo = createEvent(this, "eventVideo", 7);
                }
                //passa a visualizzazione compatta
                wcVideo.prototype.close = function () {
                    this.Component_Height = "100px";
                    this.Component_Border = "black";
                    this.Titolo_Visibility = "none";
                    this.Titolo_Colore = "white";
                    this.Titolo_Size = "0px";
                    this.Img_Position = "absolute";
                    this.Img_Larghezza = "95px";
                    this.Img_Altezza = "95px";
                    this.Img_MarginLeft = "5px";
                    this.Descrizione_Color = "black";
                    this.Mappa_Display = "none";
                    this.Display = "none";
                    this.DisplayReverse = "block";
                    this.Opacity = "0";
                    this.OpacityReverse = "1";
                    this.DisplayReverse = "block";
                    this.ImgTop = "auto";
                    this.MousePointer = "default";
                    this.MarginTitolo = "0px";
                };
                //passa a visualizzazione estesa
                wcVideo.prototype.open = function () {
                    var _this = this;
                    this.Component_Height = "auto";
                    this.Component_Border = "white";
                    this.Titolo_Visibility = "block";
                    this.Titolo_Colore = "#707070";
                    this.Titolo_Size = "25px";
                    this.Img_Position = "relative";
                    this.Img_Larghezza = "96%";
                    this.Img_Altezza = "auto";
                    this.Img_MarginLeft = "0px";
                    this.Descrizione_Color = "white";
                    this.Mappa_Display = "block";
                    setTimeout(function () { _this.Display = "block"; }, 100);
                    this.DisplayReverse = "none";
                    this.Opacity = "1";
                    setTimeout(function () { _this.OpacityReverse = "0"; }, 100);
                    this.ImgTop = "-110px";
                    this.MousePointer = "pointer";
                    this.MarginTitolo = "40px";
                };
                wcVideo.prototype.DataEvento = function () {
                    if (this.dataevento != "") {
                        this.AddDurata++;
                        return [
                            h("p", null, h("span", null, "data evento: "), this.dataevento)
                        ];
                    }
                    return;
                };
                wcVideo.prototype.Orario = function () {
                    if (this.orario != "") {
                        this.AddDurata++;
                        return [
                            h("p", null, h("span", null, "orario: "), this.orario)
                        ];
                    }
                    return;
                };
                wcVideo.prototype.Durata = function () {
                    if (this.durata != "" && this.AddDurata < 3) {
                        return [
                            h("p", null, h("span", null, "durata: "), this.durata)
                        ];
                    }
                    return;
                };
                wcVideo.prototype.CalcolaSizeH1 = function () {
                    var titolo = "";
                    /*if (this.titolo.length > 35) {
                      for (let i = 0; i < 35; i++) {
                        titolo += this.titolo[i];
                      }
                      titolo += "...";
                    }
                    else*/
                    titolo = this.titolo;
                    console.log(titolo);
                    return titolo;
                };
                wcVideo.prototype.VisualizzaDettaglio = function () {
                    if (this.chiudiAnteprima) {
                        if (!this.aperto)
                            this.open();
                        else
                            this.close();
                        this.aperto = !this.aperto;
                    }
                    else
                        this.chiudiAnteprima = true;
                };
                wcVideo.prototype.VisualizzaMappa = function (event) {
                    this.chiudiAnteprima = false;
                    this.eventMappa.emit(event);
                };
                wcVideo.prototype.VisualizzaShare = function (event) {
                    this.chiudiAnteprima = false;
                    this.eventShare.emit(event);
                };
                wcVideo.prototype.VisualizzaVideo = function (event) {
                    if (this.aperto) {
                        this.chiudiAnteprima = false;
                        this.eventVideo.emit(event);
                    }
                };
                wcVideo.prototype.render = function () {
                    var _this = this;
                    var styles = {
                        '--displayReverse': this.DisplayReverse,
                        '--imgTop': this.ImgTop,
                        '--mousePointer': this.MousePointer,
                        '--marginTitolo': this.MarginTitolo,
                        '--Component_height': this.Component_Height,
                        '--Component_Border': this.Component_Border,
                        '--Titolo_Visibility': this.Titolo_Visibility,
                        '--Titolo_Colore': this.Titolo_Colore,
                        '--Titolo_Size': this.Titolo_Size,
                        '--Img_Position': this.Img_Position,
                        '--Img_Larghezza': this.Img_Larghezza,
                        '--Img_Altezza': this.Img_Altezza,
                        '--Img_MarginLeft': this.Img_MarginLeft,
                        '--Descrizione_Color': this.Descrizione_Color,
                        '--Mappa_Display': this.Mappa_Display,
                        '--Display': this.Display,
                        '--DisplayReverse': this.DisplayReverse,
                        '--Opacity': this.Opacity,
                    };
                    return [
                        h("div", { class: "component", onClick: function () { return _this.VisualizzaDettaglio(); }, style: styles }, h("h1", { id: "titolo" }, this.titolo), h("div", { class: "detail-bar " }), h("svg", { class: "pointer", onClick: function (e) { return _this.VisualizzaVideo(e); }, id: "play", xmlns: 'http://www.w3.org/2000/svg', width: '24', height: '24', viewBox: '0 0 24 24' }, h("path", { fill: 'none', d: 'M0 0h24v24H0V0z' }), h("path", { d: 'M12 2C6.48 2 2 6.48 2 12s4.48 10 10 10 10-4.48 10-10S17.52 2 12 2zm0 18c-4.41 0-8-3.59-8-8s3.59-8 8-8 8 3.59 8 8-3.59 8-8 8zm-2-3.5l6-4.5-6-4.5z' })), h("img", { src: this.img }), h("div", { class: "descrizione" }, h("div", { id: "centra" })), h("div", { id: "Informazioni" }, h("div", { class: "testo" }, h("p", { id: "descrizione" }, this.descrizione))))
                    ];
                };
                Object.defineProperty(wcVideo.prototype, "element", {
                    get: function () { return getElement(this); },
                    enumerable: true,
                    configurable: true
                });
                Object.defineProperty(wcVideo, "style", {
                    get: function () { return "STYLE_TEXT_PLACEHOLDER:wc-video"; },
                    enumerable: true,
                    configurable: true
                });
                return wcVideo;
            }());
            exports('wc_video', wcVideo);
        }
    };
});
