mycomponent.loadBundle('/**:bundle-id:**/', ['exports'], function (exports) {
    var h = window.mycomponent.h;
    function format(first, middle, last) {
        return ((first || '') +
            (middle ? " " + middle : '') +
            (last ? " " + last : ''));
    }
    var MyComponent = /** @class */ (function () {
        function MyComponent() {
        }
        MyComponent.prototype.getText = function () {
            console.log("ciao");
            return format(this.first, this.middle, this.last);
        };
        MyComponent.prototype.render = function () {
            return h("p", null, "Hello, World! I'm ", this.getText());
        };
        Object.defineProperty(MyComponent, "is", {
            get: function () { return "wc-trasporti-table"; },
            enumerable: true,
            configurable: true
        });
        Object.defineProperty(MyComponent, "encapsulation", {
            get: function () { return "shadow"; },
            enumerable: true,
            configurable: true
        });
        Object.defineProperty(MyComponent, "properties", {
            get: function () {
                return {
                    "first": {
                        "type": String,
                        "attr": "first"
                    },
                    "last": {
                        "type": String,
                        "attr": "last"
                    },
                    "middle": {
                        "type": String,
                        "attr": "middle"
                    }
                };
            },
            enumerable: true,
            configurable: true
        });
        Object.defineProperty(MyComponent, "style", {
            get: function () { return "/**style-placeholder:wc-trasporti-table:**/"; },
            enumerable: true,
            configurable: true
        });
        return MyComponent;
    }());
    exports.WcTrasportiTable = MyComponent;
    Object.defineProperty(exports, '__esModule', { value: true });
});
