mycomponent.loadBundle('/**:bundle-id:**/', ['exports'], function (exports) {
    var h = window.mycomponent.h;
    var MyComponent = /** @class */ (function () {
        function MyComponent() {
        }
        MyComponent.prototype.render = function () {
            return h("p", null, "Hello, World! I'm ");
        };
        Object.defineProperty(MyComponent, "is", {
            get: function () { return "wc-trasporti-table"; },
            enumerable: true,
            configurable: true
        });
        Object.defineProperty(MyComponent, "encapsulation", {
            get: function () { return "shadow"; },
            enumerable: true,
            configurable: true
        });
        Object.defineProperty(MyComponent, "style", {
            get: function () { return "/**style-placeholder:wc-trasporti-table:**/"; },
            enumerable: true,
            configurable: true
        });
        return MyComponent;
    }());
    exports.WcTrasportiTable = MyComponent;
    Object.defineProperty(exports, '__esModule', { value: true });
});
